-------------------------------------------------------------------------------
Test set: com.kwgdev.beer.order.service.BeerOrderServiceApplicationTests
-------------------------------------------------------------------------------
Tests run: 1, Failures: 0, Errors: 1, Skipped: 0, Time elapsed: 11.251 s <<< FAILURE! - in com.kwgdev.beer.order.service.BeerOrderServiceApplicationTests
contextLoads  Time elapsed: 0.004 s  <<< ERROR!
java.lang.IllegalStateException: Failed to load ApplicationContext
Caused by: org.springframework.beans.factory.UnsatisfiedDependencyException: Error creating bean with name 'beerOrderManagerImpl' defined in file [C:\Users\JJ\IdeaProjects\mssc-beer-order-service\target\classes\com\kwgdev\beer\order\service\services\BeerOrderManagerImpl.class]: Unsatisfied dependency expressed through constructor parameter 0; nested exception is org.springframework.beans.factory.BeanCreationException: Error creating bean with name 'stateMachineFactory': Invocation of init method failed; nested exception is org.springframework.beans.factory.UnsatisfiedDependencyException: Error creating bean with name 'beerOrderStateMachineConfig' defined in file [C:\Users\JJ\IdeaProjects\mssc-beer-order-service\target\classes\com\kwgdev\beer\order\service\statemachine\BeerOrderStateMachineConfig.class]: Unsatisfied dependency expressed through constructor parameter 2; nested exception is org.springframework.beans.factory.NoUniqueBeanDefinitionException: No qualifying bean of type 'org.springframework.statemachine.action.Action<com.kwgdev.beer.order.service.domain.BeerOrderStatusEnum, com.kwgdev.beer.order.service.domain.BeerOrderEventEnum>' available: expected single matching bean but found 2: allocateOrderAction,validateOrderAction
Caused by: org.springframework.beans.factory.BeanCreationException: Error creating bean with name 'stateMachineFactory': Invocation of init method failed; nested exception is org.springframework.beans.factory.UnsatisfiedDependencyException: Error creating bean with name 'beerOrderStateMachineConfig' defined in file [C:\Users\JJ\IdeaProjects\mssc-beer-order-service\target\classes\com\kwgdev\beer\order\service\statemachine\BeerOrderStateMachineConfig.class]: Unsatisfied dependency expressed through constructor parameter 2; nested exception is org.springframework.beans.factory.NoUniqueBeanDefinitionException: No qualifying bean of type 'org.springframework.statemachine.action.Action<com.kwgdev.beer.order.service.domain.BeerOrderStatusEnum, com.kwgdev.beer.order.service.domain.BeerOrderEventEnum>' available: expected single matching bean but found 2: allocateOrderAction,validateOrderAction
Caused by: org.springframework.beans.factory.UnsatisfiedDependencyException: Error creating bean with name 'beerOrderStateMachineConfig' defined in file [C:\Users\JJ\IdeaProjects\mssc-beer-order-service\target\classes\com\kwgdev\beer\order\service\statemachine\BeerOrderStateMachineConfig.class]: Unsatisfied dependency expressed through constructor parameter 2; nested exception is org.springframework.beans.factory.NoUniqueBeanDefinitionException: No qualifying bean of type 'org.springframework.statemachine.action.Action<com.kwgdev.beer.order.service.domain.BeerOrderStatusEnum, com.kwgdev.beer.order.service.domain.BeerOrderEventEnum>' available: expected single matching bean but found 2: allocateOrderAction,validateOrderAction
Caused by: org.springframework.beans.factory.NoUniqueBeanDefinitionException: No qualifying bean of type 'org.springframework.statemachine.action.Action<com.kwgdev.beer.order.service.domain.BeerOrderStatusEnum, com.kwgdev.beer.order.service.domain.BeerOrderEventEnum>' available: expected single matching bean but found 2: allocateOrderAction,validateOrderAction

